[Info][2021-12-20 17.13.29]Start bug sync service.
[Info][2021-12-20 17.13.29]Start to sync bug.
[Error][2021-12-20 17.13.29]Failed to Sync bug due to Exception: Could not load file or assembly 'CMSherlock.KeyVault, Version=1.0.0.0, Culture=neutral, PublicKeyToken=null' or one of its dependencies. The system cannot find the file specified.
[Info][2021-12-20 17.13.29]Sync bug End.
[Info][2022-01-17 17.50.52]Start bug sync service.
[Info][2022-01-17 17.50.52]Start to sync bug.
[Error][2022-01-17 17.50.55]Failed to Sync bug due to Exception: Could not load file or assembly 'CMSherlock.KeyVault, Version=1.0.0.0, Culture=neutral, PublicKeyToken=null' or one of its dependencies. The system cannot find the file specified.
[Info][2022-01-17 17.50.55]Sync bug End.
[Info][2022-01-17 17.51.12]Start bug sync service.
[Info][2022-01-17 17.51.12]Start to sync bug.
[Error][2022-01-17 17.51.12]Failed to Sync bug due to Exception: Could not load file or assembly 'CMSherlock.KeyVault, Version=1.0.0.0, Culture=neutral, PublicKeyToken=null' or one of its dependencies. The system cannot find the file specified.
[Info][2022-01-17 17.51.12]Sync bug End.
[Info][2022-01-17 17.51.50]Start bug sync service.
[Info][2022-01-17 17.51.50]Start to sync bug.
[Error][2022-01-17 17.51.50]Failed to Sync bug due to Exception: Could not load file or assembly 'CMSherlock.KeyVault, Version=1.0.0.0, Culture=neutral, PublicKeyToken=null' or one of its dependencies. The system cannot find the file specified.
[Info][2022-01-17 17.51.50]Sync bug End.
[Info][2022-01-17 17.54.28]Start bug sync service.
[Info][2022-01-17 17.54.28]Start to sync bug.
[Error][2022-01-17 17.54.28]Failed to Sync bug due to Exception: Could not load file or assembly 'CMSherlock.KeyVault, Version=1.0.0.0, Culture=neutral, PublicKeyToken=null' or one of its dependencies. The system cannot find the file specified.
[Info][2022-01-17 17.54.28]Sync bug End.
[Info][2022-01-17 17.54.59]Start bug sync service.
[Info][2022-01-17 17.54.59]Start to sync bug.
[Error][2022-01-17 17.54.59]Failed to Sync bug due to Exception: Could not load file or assembly 'CMSherlock.KeyVault, Version=1.0.0.0, Culture=neutral, PublicKeyToken=null' or one of its dependencies. The system cannot find the file specified.
[Info][2022-01-17 17.54.59]Sync bug End.
[Info][2022-01-18 09.45.32]Start bug sync service.
[Info][2022-01-18 09.45.32]Start to sync bug.
[Info][2022-01-18 09.46.26]Start bug sync service.
[Info][2022-01-18 09.46.26]Start to sync bug.
[Error][2022-01-18 09.46.26]Failed to Sync bug due to Exception: Could not load file or assembly 'CMSherlock.KeyVault, Version=1.0.0.0, Culture=neutral, PublicKeyToken=null' or one of its dependencies. The system cannot find the file specified.
[Info][2022-01-18 09.46.26]Sync bug End.
[Info][2022-01-18 09.51.38]Start bug sync service.
[Info][2022-01-18 09.51.38]Start to sync bug.
[Error][2022-01-18 09.51.38]Failed to Sync bug due to Exception: Could not load file or assembly 'CMSherlock.KeyVault, Version=1.0.0.0, Culture=neutral, PublicKeyToken=null' or one of its dependencies. The system cannot find the file specified.
[Info][2022-01-18 09.51.38]Sync bug End.
[Info][2022-01-18 09.51.46]Start bug sync service.
[Info][2022-01-18 09.51.46]Start to sync bug.
[Error][2022-01-18 09.51.46]Failed to Sync bug due to Exception: Could not load file or assembly 'CMSherlock.KeyVault, Version=1.0.0.0, Culture=neutral, PublicKeyToken=null' or one of its dependencies. The system cannot find the file specified.
[Info][2022-01-18 09.51.46]Sync bug End.
[Info][2022-01-18 09.54.41]Start bug sync service.
[Info][2022-01-18 09.54.41]Start to sync bug.
[Error][2022-01-18 09.54.41]Failed to Sync bug due to Exception: Could not load file or assembly 'CMSherlock.KeyVault, Version=1.0.0.0, Culture=neutral, PublicKeyToken=null' or one of its dependencies. The system cannot find the file specified.
[Info][2022-01-18 09.54.41]Sync bug End.
[Info][2022-01-18 09.59.14]Start bug sync service.
[Info][2022-01-18 09.59.14]Start to sync bug.
[Error][2022-01-18 09.59.14]Failed to Sync bug due to Exception: Could not load file or assembly 'CMSherlock.KeyVault, Version=1.0.0.0, Culture=neutral, PublicKeyToken=null' or one of its dependencies. The system cannot find the file specified.
[Info][2022-01-18 09.59.14]Sync bug End.
[Info][2022-01-18 10.11.03]Start bug sync service.
[Info][2022-01-18 10.11.03]Start to sync bug.
[Error][2022-01-18 10.11.03]Failed to Sync bug due to Exception: Could not load file or assembly 'CMSherlock.KeyVault, Version=1.0.0.0, Culture=neutral, PublicKeyToken=null' or one of its dependencies. The system cannot find the file specified.
[Info][2022-01-18 10.11.03]Sync bug End.
[Info][2022-01-18 10.11.14]Start bug sync service.
[Info][2022-01-18 10.11.14]Start to sync bug.
[Error][2022-01-18 10.11.14]Failed to Sync bug due to Exception: Could not load file or assembly 'CMSherlock.KeyVault, Version=1.0.0.0, Culture=neutral, PublicKeyToken=null' or one of its dependencies. The system cannot find the file specified.
[Info][2022-01-18 10.11.14]Sync bug End.
[Info][2022-01-18 10.16.54]Start bug sync service.
[Info][2022-01-18 10.16.54]Start to sync bug.
[Error][2022-01-18 10.16.54]Failed to Sync bug due to Exception: Could not load file or assembly 'CMSherlock.KeyVault, Version=1.0.0.0, Culture=neutral, PublicKeyToken=null' or one of its dependencies. The system cannot find the file specified.
[Info][2022-01-18 10.16.55]Sync bug End.
[Info][2022-01-18 10.18.08]Start bug sync service.
[Info][2022-01-18 10.18.08]Start to sync bug.
[Error][2022-01-18 10.18.08]Failed to Sync bug due to Exception: Could not load file or assembly 'CMSherlock.KeyVault, Version=1.0.0.0, Culture=neutral, PublicKeyToken=null' or one of its dependencies. The system cannot find the file specified.
[Info][2022-01-18 10.18.08]Sync bug End.
[Info][2022-01-18 10.21.30]Start bug sync service.
[Info][2022-01-18 10.21.31]Start to sync bug.
[Error][2022-01-18 10.21.31]Failed to Sync bug due to Exception: Could not load file or assembly 'CMSherlock.KeyVault, Version=1.0.0.0, Culture=neutral, PublicKeyToken=null' or one of its dependencies. The system cannot find the file specified.
[Info][2022-01-18 10.21.31]Sync bug End.
[Info][2022-01-18 10.23.37]Start bug sync service.
[Info][2022-01-18 10.23.37]Start to sync bug.
[Error][2022-01-18 10.23.37]Failed to Sync bug due to Exception: Could not load file or assembly 'CMSherlock.KeyVault, Version=1.0.0.0, Culture=neutral, PublicKeyToken=null' or one of its dependencies. The system cannot find the file specified.
[Info][2022-01-18 10.23.37]Sync bug End.
[Info][2022-01-18 10.25.07]Start bug sync service.
[Info][2022-01-18 10.25.07]Start to sync bug.
[Error][2022-01-18 10.25.08]Failed to Sync bug due to Exception: Could not load file or assembly 'CMSherlock.KeyVault, Version=1.0.0.0, Culture=neutral, PublicKeyToken=null' or one of its dependencies. The system cannot find the file specified.
[Info][2022-01-18 10.25.08]Sync bug End.
[Info][2022-03-23 10.44.01]Starting Service...
[Info][2022-03-23 10.44.39]Load rules from:F:\SulpHur\SulpHurService\Rules
[Info][2022-03-23 10.50.43]Starting Service...
[Info][2022-03-23 10.50.54]Load rules from:F:\SD\ConfigMgr-Test\src\Tools\SulpHur20\SulpHur\MS.Internal.SulpHur.CMRules\bin\Debug
[Info][2022-03-23 10.54.54]Starting Service...
[Info][2022-03-23 10.55.00]Load rules from:F:\SD\ConfigMgr-Test\src\Tools\SulpHur20\SulpHur\MS.Internal.SulpHur.CMRules\bin\Debug
[Error][2022-03-23 11.00.30]fail to create rule instance exception:Exception has been thrown by the target of an invocation.,type:TabOrderRule
[Error][2022-03-23 11.00.30]fail to create rule instance exception:Exception has been thrown by the target of an invocation.,type:SpellingRule
[Info][2022-03-23 11.14.46]Starting Service...
[Info][2022-03-23 11.14.46]Load rules from:F:\SD\ConfigMgr-Test\src\Tools\SulpHur20\SulpHur\MS.Internal.SulpHur.CMRules\bin\Debug
[Error][2022-03-23 11.15.01]fail to create rule instance exception:The type initializer for 'MS.Internal.SulpHur.CMRules.TabOrderRule' threw an exception.,type:CMAccessKeyDupExceptRule
[Error][2022-03-23 11.15.06]fail to create rule instance exception:The type initializer for 'MS.Internal.SulpHur.CMRules.TabOrderRule' threw an exception.,type:CMAccessKeyDuplicateRule
[Error][2022-03-23 11.15.11]fail to create rule instance exception:The type initializer for 'MS.Internal.SulpHur.CMRules.TabOrderRule' threw an exception.,type:CMAccessKeyRule
[Error][2022-03-23 11.15.12]fail to create rule instance exception:The type initializer for 'MS.Internal.SulpHur.CMRules.TabOrderRule' threw an exception.,type:CMAlignmentRule
[Error][2022-03-23 11.16.51]fail to create rule instance exception:The type initializer for 'MS.Internal.SulpHur.CMRules.TabOrderRule' threw an exception.,type:CMAutomationIdMissRule
[Error][2022-03-23 11.17.03]fail to create rule instance exception:The type initializer for 'MS.Internal.SulpHur.CMRules.TabOrderRule' threw an exception.,type:CMButtonRule
[Error][2022-03-23 11.17.17]fail to create rule instance exception:The type initializer for 'MS.Internal.SulpHur.CMRules.TabOrderRule' threw an exception.,type:CMControlTruncationRule
[Error][2022-03-23 11.18.34]fail to create rule instance exception:The type initializer for 'MS.Internal.SulpHur.CMRules.TabOrderRule' threw an exception.,type:EmptyStringResourceRule
[Info][2022-03-23 11.19.34]Starting Service...
[Info][2022-03-23 11.19.34]Load rules from:F:\SD\ConfigMgr-Test\src\Tools\SulpHur20\SulpHur\MS.Internal.SulpHur.CMRules\bin\Debug
[Error][2022-03-23 11.20.09]fail to create rule instance exception:The type initializer for 'MS.Internal.SulpHur.CMRules.TabOrderRule' threw an exception.,type:CMAccessKeyDupExceptRule
[Info][2022-03-23 11.20.45]Starting Service...
[Info][2022-03-23 11.20.45]Load rules from:F:\SD\ConfigMgr-Test\src\Tools\SulpHur20\SulpHur\MS.Internal.SulpHur.CMRules\bin\Debug
[Info][2022-03-23 11.21.19]Starting Service...
[Info][2022-03-23 11.21.19]Load rules from:F:\SD\ConfigMgr-Test\src\Tools\SulpHur20\SulpHur\MS.Internal.SulpHur.CMRules\bin\Debug
[Info][2022-03-23 11.28.50]Starting Service...
[Info][2022-03-23 11.28.50]Load rules from:F:\SD\ConfigMgr-Test\src\Tools\SulpHur20\SulpHur\MS.Internal.SulpHur.CMRules\bin\Debug
[Info][2022-03-23 11.31.24]Starting Service...
[Info][2022-03-23 11.31.24]Load rules from:F:\SD\ConfigMgr-Test\src\Tools\SulpHur20\SulpHur\MS.Internal.SulpHur.CMRules\bin\Debug
[Info][2022-03-23 11.31.47]Starting verify....
[Info][2022-03-23 11.31.47]Start WCF Service...
[Info][2022-03-24 15.55.49]Start bug sync service.
[Info][2022-03-24 15.55.49]Start to sync bug.
[Error][2022-03-24 15.55.50]Failed to Sync bug due to Exception: Could not load file or assembly 'CMSherlock.KeyVault, Version=1.0.0.0, Culture=neutral, PublicKeyToken=null' or one of its dependencies. The system cannot find the file specified.
[Info][2022-03-24 15.55.50]Sync bug End.
[Info][2022-03-24 15.56.24]Start bug sync service.
[Info][2022-03-24 15.56.24]Start to sync bug.
[Error][2022-03-24 15.56.24]Failed to Sync bug due to Exception: Could not load file or assembly 'CMSherlock.KeyVault, Version=1.0.0.0, Culture=neutral, PublicKeyToken=null' or one of its dependencies. The system cannot find the file specified.
[Info][2022-03-24 15.56.24]Sync bug End.
[Info][2022-03-24 16.00.03]Start bug sync service.
[Info][2022-03-24 16.00.03]Start to sync bug.
[Error][2022-03-24 16.00.05]Failed to Sync bug due to Exception: Could not load file or assembly 'CMSherlock.KeyVault, Version=1.0.0.0, Culture=neutral, PublicKeyToken=null' or one of its dependencies. The system cannot find the file specified.
[Info][2022-03-24 16.00.05]Sync bug End.
